****************************************************************************************
This is a development tool for Scully applications.
You can ignore the warning (TLS) or run scully with --no-warning
********************************************************************************************************************************************************************************
This is a development tool for Scully applications.
You can ignore the warning (TLS) or run scully with --no-warning
****************************************************************************************
----------------------------------
Using stored unhandled routes!.
   To discover new routes in the angular app use "[33mnpm run scully -- --scanRoutes[39m"
----------------------------------
----------------------------------
Using stored unhandled routes!.
   To discover new routes in the angular app use "[33mnpm run scully -- --scanRoutes[39m"
----------------------------------
----------------------------------
Using stored unhandled routes!.
   To discover new routes in the angular app use "[33mnpm run scully -- --scanRoutes[39m"
----------------------------------
----------------------------------
Using stored unhandled routes!.
   To discover new routes in the angular app use "[33mnpm run scully -- --scanRoutes[39m"
----------------------------------
----------------------------------
Using stored unhandled routes!.
   To discover new routes in the angular app use "[33mnpm run scully -- --scanRoutes[39m"
----------------------------------